<?xml version="1.0" encoding="UTF-8"?>
<!-- Generated by org.testng.reporters.JUnitReportReporter -->
<testsuite skipped="0" hostname="Soumyas-MacBook-Air.local" name="coretests.mobileAppTest" tests="1" failures="0" timestamp="11 Nov 2019 04:34:42 GMT" time="62.564" errors="0">
  <testcase name="mobiletest" time="62.564" classname="coretests.mobileAppTest"/>
</testsuite> <!-- coretests.mobileAppTest -->
